{"level":"error","message":"One or more fields missing"}
{"level":"error","message":"One or more fields missing"}
{"level":"error","message":"One or more fields missing"}
{"level":"error","message":"One or more fields missing"}
{"level":"error","message":"One or more fields missing"}
{"level":"error","message":"One or more fields missing"}
{"level":"error","message":"One or more fields missing"}
{"level":"error","message":"One or more fields missing"}
{"level":"error","message":"One or more fields missing"}
{"level":"error","message":"One or more fields missing"}
{"level":"error","message":"Job not found"}
{"level":"error","message":"Job not found"}
{"level":"error","message":"Job not found"}
{"level":"error","message":"Job not found"}
{"level":"error","message":"Job not found"}
{"level":"error","message":"One or more fields missing"}
{"level":"error","message":"User not found"}
{"level":"error","message":"User not found"}
{"level":"error","message":"User not found"}
{"level":"error","message":"User not found"}
{"level":"error","message":"Error in get ticket"}
{"level":"error","message":"Error in get ticket"}
{"level":"error","message":"One or more fields missing"}
{"level":"error","message":"One or more fields missing"}
{"level":"error","message":"One or more fields missing"}
{"level":"error","message":"One or more fields missing"}
{"level":"error","message":"One or more fields missing"}
{"level":"error","message":"One or more fields missing"}
{"level":"error","message":"One or more fields missing"}
{"level":"error","message":"One or more fields missing"}
{"level":"error","message":"One or more fields missing"}
{"level":"error","message":"One or more fields missing"}
{"level":"error","message":"One or more fields missing"}
{"level":"error","message":"One or more fields missing"}
{"level":"error","message":"One or more fields missing"}
{"level":"error","message":"One or more fields missing"}
{"level":"error","message":"One or more fields missing"}
{"level":"error","message":"One or more fields missing"}
{"level":"error","message":"One or more fields missing"}
{"level":"error","message":"One or more fields missing"}
{"level":"error","message":"One or more fields missing"}
{"level":"error","message":"One or more fields missing"}
{"level":"error","message":"One or more fields missing"}
{"level":"error","message":"One or more fields missing"}
{"level":"error","message":"One or more fields missing"}
{"level":"error","message":"One or more fields missing"}
{"level":"error","message":"Error in get tickets"}
{"level":"error","message":"Error in get tickets"}
{"level":"error","message":"Error in get tickets"}
{"level":"error","message":"One or more fields missing"}
{"level":"error","message":"One or more fields missing"}
{"level":"error","message":"One or more fields missing"}
{"level":"error","message":"One or more fields missing"}
{"level":"error","message":"One or more fields missing"}
{"level":"error","message":"One or more fields missing"}
{"level":"error","message":"One or more fields missing"}
{"level":"error","message":"One or more fields missing"}
{"level":"error","message":"One or more fields missing"}
{"level":"error","message":"One or more fields missing"}
{"level":"error","message":"Error in get ticket"}
{"level":"error","message":"Error in get ticket"}
{"level":"error","message":"One or more fields missing"}
{"level":"error","message":"Error in get ticket"}
{"level":"error","message":"Error in get ticket"}
{"level":"error","message":"Error in get ticket"}
{"level":"error","message":"Error in get ticket"}
{"level":"error","message":"Error in get ticket"}
{"level":"error","message":"Error in get ticket"}
{"level":"error","message":"Error in get ticket"}
{"level":"error","message":"Error in get ticket"}
{"level":"error","message":"Job not found"}
{"level":"error","message":"Job not found"}
{"level":"error","message":"Error in get ticket"}
{"level":"error","message":"Error in get ticket"}
{"level":"error","message":"Error in get ticket"}
{"level":"error","message":"Error in get ticket"}
{"level":"error","message":"Error in get tickets"}
{"level":"error","message":"Error in get tickets"}
{"level":"error","message":"Error in get user tickets"}
{"level":"error","message":"Error in get user tickets"}
{"level":"error","message":"Error in get user tickets"}
{"level":"error","message":"Error in get user tickets"}
{"level":"error","message":"Error in get user tickets"}
{"level":"error","message":"Error in get user tickets"}
{"level":"error","message":"Error in get user tickets"}
{"level":"error","message":"Error in get user tickets"}
{"level":"error","message":"Error in get user tickets"}
{"level":"error","message":"Error in get user tickets"}
{"level":"error","message":"Error in get user tickets"}
{"level":"error","message":"Error in get user tickets"}
{"level":"error","message":"One or more fields missing"}
{"level":"error","message":"One or more fields missing"}
{"level":"error","message":"One or more fields missing"}
{"level":"error","message":"One or more fields missing"}
{"level":"error","message":"One or more fields missing"}
{"level":"error","message":"One or more fields missing"}
{"level":"error","message":"One or more fields missing"}
{"level":"error","message":"One or more fields missing"}
{"level":"error","message":"One or more fields missing"}
{"level":"error","message":"One or more fields missing"}
{"level":"error","message":"One or more fields missing"}
{"level":"error","message":"One or more fields missing"}
{"level":"error","message":"One or more fields missing"}
{"level":"error","message":"One or more fields missing"}
{"level":"error","message":"One or more fields missing"}
{"level":"error","message":"One or more fields missing"}
{"level":"error","message":"One or more fields missing"}
{"level":"error","message":"One or more fields missing"}
{"level":"error","message":"One or more fields missing"}
{"level":"error","message":"One or more fields missing"}
{"level":"error","message":"One or more fields missing"}
{"level":"error","message":"One or more fields missing"}
{"level":"error","message":"One or more fields missing"}
{"level":"error","message":"One or more fields missing"}
{"level":"error","message":"One or more fields missing"}
{"level":"error","message":"One or more fields missing"}
{"level":"error","message":"One or more fields missing"}
{"level":"error","message":"One or more fields missing"}
{"level":"error","message":"One or more fields missing"}
{"level":"error","message":"One or more fields missing"}
{"level":"error","message":"One or more fields missing"}
{"level":"error","message":"One or more fields missing"}
{"level":"error","message":"One or more fields missing"}
{"level":"error","message":"One or more fields missing"}
{"level":"error","message":"One or more fields missing"}
{"level":"error","message":"One or more fields missing"}
{"level":"error","message":"One or more fields missing"}
{"level":"error","message":"One or more fields missing"}
{"level":"error","message":"One or more fields missing"}
{"level":"error","message":"One or more fields missing"}
{"level":"error","message":"One or more fields missing"}
{"level":"error","message":"One or more fields missing"}
{"level":"error","message":"One or more fields missing"}
{"level":"error","message":"One or more fields missing"}
{"level":"error","message":"One or more fields missing"}
{"level":"error","message":"One or more fields missing"}
{"level":"error","message":"One or more fields missing"}
{"level":"error","message":"One or more fields missing"}
{"level":"error","message":"One or more fields missing"}
{"level":"error","message":"One or more fields missing"}
{"level":"error","message":"One or more fields missing"}
{"level":"error","message":"One or more fields missing"}
{"level":"error","message":"One or more fields missing"}
{"level":"error","message":"One or more fields missing"}
{"level":"error","message":"One or more fields missing"}
{"level":"error","message":"One or more fields missing"}
{"level":"error","message":"One or more fields missing"}
{"level":"error","message":"One or more fields missing"}
{"level":"error","message":"One or more fields missing"}
{"level":"error","message":"One or more fields missing"}
{"level":"error","message":"One or more fields missing"}
{"level":"error","message":"One or more fields missing"}
{"level":"error","message":"One or more fields missing"}
{"level":"error","message":"One or more fields missing"}
{"level":"error","message":"One or more fields missing"}
{"level":"error","message":"One or more fields missing"}
{"level":"error","message":"One or more fields missing"}
{"level":"error","message":"One or more fields missing"}
{"level":"error","message":"One or more fields missing"}
{"level":"error","message":"One or more fields missing"}
{"level":"error","message":"One or more fields missing"}
{"level":"error","message":"One or more fields missing"}
{"level":"error","message":"One or more fields missing"}
{"level":"error","message":"One or more fields missing"}
{"level":"error","message":"One or more fields missing"}
{"level":"error","message":"One or more fields missing"}
{"level":"error","message":"One or more fields missing"}
{"level":"error","message":"One or more fields missing"}
{"level":"error","message":"One or more fields missing"}
{"level":"error","message":"One or more fields missing"}
{"level":"error","message":"One or more fields missing"}
{"level":"error","message":"One or more fields missing"}
{"level":"error","message":"One or more fields missing"}
{"level":"error","message":"One or more fields missing"}
{"level":"error","message":"One or more fields missing"}
